{"/Users/dmorton/Desktop/hrrpt14/product-details-service/database/index.js": {"path":"/Users/dmorton/Desktop/hrrpt14/product-details-service/database/index.js","statementMap":{"0":{"start":{"line":1,"column":17},"end":{"line":1,"column":36}},"1":{"start":{"line":3,"column":0},"end":{"line":8,"column":3}},"2":{"start":{"line":4,"column":2},"end":{"line":6,"column":3}},"3":{"start":{"line":5,"column":4},"end":{"line":5,"column":21}},"4":{"start":{"line":10,"column":18},"end":{"line":10,"column":37}},"5":{"start":{"line":12,"column":27},"end":{"line":22,"column":2}},"6":{"start":{"line":24,"column":19},"end":{"line":24,"column":73}},"7":{"start":{"line":27,"column":25},"end":{"line":34,"column":1}},"8":{"start":{"line":28,"column":2},"end":{"line":33,"column":4}},"9":{"start":{"line":29,"column":4},"end":{"line":31,"column":5}},"10":{"start":{"line":30,"column":6},"end":{"line":30,"column":24}},"11":{"start":{"line":32,"column":4},"end":{"line":32,"column":45}},"12":{"start":{"line":35,"column":15},"end":{"line":37,"column":1}},"13":{"start":{"line":36,"column":2},"end":{"line":36,"column":27}},"14":{"start":{"line":40,"column":24},"end":{"line":48,"column":1}},"15":{"start":{"line":41,"column":2},"end":{"line":47,"column":4}},"16":{"start":{"line":43,"column":4},"end":{"line":43,"column":16}},"17":{"start":{"line":46,"column":4},"end":{"line":46,"column":72}},"18":{"start":{"line":50,"column":0},"end":{"line":50,"column":53}},"19":{"start":{"line":51,"column":0},"end":{"line":51,"column":43}},"20":{"start":{"line":52,"column":0},"end":{"line":52,"column":55}},"21":{"start":{"line":53,"column":0},"end":{"line":53,"column":35}}},"fnMap":{"0":{"name":"(anonymous_0)","decl":{"start":{"line":3,"column":82},"end":{"line":3,"column":83}},"loc":{"start":{"line":3,"column":91},"end":{"line":8,"column":1}},"line":3},"1":{"name":"(anonymous_1)","decl":{"start":{"line":27,"column":25},"end":{"line":27,"column":26}},"loc":{"start":{"line":27,"column":50},"end":{"line":34,"column":1}},"line":27},"2":{"name":"(anonymous_2)","decl":{"start":{"line":28,"column":43},"end":{"line":28,"column":44}},"loc":{"start":{"line":28,"column":61},"end":{"line":33,"column":3}},"line":28},"3":{"name":"(anonymous_3)","decl":{"start":{"line":35,"column":15},"end":{"line":35,"column":16}},"loc":{"start":{"line":35,"column":21},"end":{"line":37,"column":1}},"line":35},"4":{"name":"(anonymous_4)","decl":{"start":{"line":40,"column":24},"end":{"line":40,"column":25}},"loc":{"start":{"line":40,"column":36},"end":{"line":48,"column":1}},"line":40},"5":{"name":"(anonymous_5)","decl":{"start":{"line":42,"column":8},"end":{"line":42,"column":9}},"loc":{"start":{"line":42,"column":21},"end":{"line":44,"column":3}},"line":42},"6":{"name":"(anonymous_6)","decl":{"start":{"line":45,"column":9},"end":{"line":45,"column":10}},"loc":{"start":{"line":45,"column":18},"end":{"line":47,"column":3}},"line":45}},"branchMap":{"0":{"loc":{"start":{"line":4,"column":2},"end":{"line":6,"column":3}},"type":"if","locations":[{"start":{"line":4,"column":2},"end":{"line":6,"column":3}},{"start":{"line":4,"column":2},"end":{"line":6,"column":3}}],"line":4},"1":{"loc":{"start":{"line":29,"column":4},"end":{"line":31,"column":5}},"type":"if","locations":[{"start":{"line":29,"column":4},"end":{"line":31,"column":5}},{"start":{"line":29,"column":4},"end":{"line":31,"column":5}}],"line":29}},"s":{"0":2,"1":2,"2":2,"3":0,"4":2,"5":2,"6":2,"7":2,"8":0,"9":0,"10":0,"11":0,"12":2,"13":0,"14":2,"15":9,"16":9,"17":0,"18":2,"19":2,"20":2,"21":2},"f":{"0":2,"1":0,"2":0,"3":0,"4":9,"5":9,"6":0},"b":{"0":[0,2],"1":[0,0]},"_coverageSchema":"43e27e138ebf9cfc5966b082cf9a028302ed4184","hash":"89ac27b0965539f0f4cba535d2d45daa9b16b091"}
,"/Users/dmorton/Desktop/hrrpt14/product-details-service/server/index.js": {"path":"/Users/dmorton/Desktop/hrrpt14/product-details-service/server/index.js","statementMap":{"0":{"start":{"line":1,"column":16},"end":{"line":1,"column":34}},"1":{"start":{"line":2,"column":19},"end":{"line":2,"column":41}},"2":{"start":{"line":3,"column":12},"end":{"line":3,"column":21}},"3":{"start":{"line":4,"column":15},"end":{"line":4,"column":32}},"4":{"start":{"line":5,"column":26},"end":{"line":5,"column":72}},"5":{"start":{"line":6,"column":13},"end":{"line":6,"column":28}},"6":{"start":{"line":8,"column":0},"end":{"line":8,"column":15}},"7":{"start":{"line":9,"column":0},"end":{"line":9,"column":23}},"8":{"start":{"line":10,"column":0},"end":{"line":10,"column":27}},"9":{"start":{"line":11,"column":0},"end":{"line":11,"column":49}},"10":{"start":{"line":12,"column":0},"end":{"line":12,"column":55}},"11":{"start":{"line":13,"column":0},"end":{"line":13,"column":63}},"12":{"start":{"line":15,"column":0},"end":{"line":20,"column":2}},"13":{"start":{"line":16,"column":11},"end":{"line":16,"column":24}},"14":{"start":{"line":17,"column":2},"end":{"line":19,"column":4}},"15":{"start":{"line":18,"column":4},"end":{"line":18,"column":22}},"16":{"start":{"line":23,"column":0},"end":{"line":23,"column":25}}},"fnMap":{"0":{"name":"(anonymous_0)","decl":{"start":{"line":15,"column":35},"end":{"line":15,"column":36}},"loc":{"start":{"line":15,"column":49},"end":{"line":20,"column":1}},"line":15},"1":{"name":"(anonymous_1)","decl":{"start":{"line":17,"column":24},"end":{"line":17,"column":25}},"loc":{"start":{"line":17,"column":37},"end":{"line":19,"column":3}},"line":17}},"branchMap":{},"s":{"0":1,"1":1,"2":1,"3":1,"4":1,"5":1,"6":1,"7":1,"8":1,"9":1,"10":1,"11":1,"12":1,"13":0,"14":0,"15":0,"16":1},"f":{"0":0,"1":0},"b":{},"_coverageSchema":"43e27e138ebf9cfc5966b082cf9a028302ed4184","hash":"6920a7908675ec19793fb9b4331ff4ee17bae05f"}
}
