TN:
SF:/Users/dmorton/Desktop/hrrpt14/product-details-service/database/index.js
FN:3,(anonymous_0)
FN:27,(anonymous_1)
FN:28,(anonymous_2)
FN:35,(anonymous_3)
FN:40,(anonymous_4)
FN:42,(anonymous_5)
FN:45,(anonymous_6)
FNF:7
FNH:3
FNDA:2,(anonymous_0)
FNDA:0,(anonymous_1)
FNDA:0,(anonymous_2)
FNDA:0,(anonymous_3)
FNDA:9,(anonymous_4)
FNDA:9,(anonymous_5)
FNDA:0,(anonymous_6)
DA:1,2
DA:3,2
DA:4,2
DA:5,0
DA:10,2
DA:12,2
DA:24,2
DA:27,2
DA:28,0
DA:29,0
DA:30,0
DA:32,0
DA:35,2
DA:36,0
DA:40,2
DA:41,9
DA:43,9
DA:46,0
DA:50,2
DA:51,2
DA:52,2
DA:53,2
LF:22
LH:15
BRDA:4,0,0,0
BRDA:4,0,1,2
BRDA:29,1,0,0
BRDA:29,1,1,0
BRF:4
BRH:1
end_of_record
TN:
SF:/Users/dmorton/Desktop/hrrpt14/product-details-service/server/index.js
FN:15,(anonymous_0)
FN:17,(anonymous_1)
FNF:2
FNH:0
FNDA:0,(anonymous_0)
FNDA:0,(anonymous_1)
DA:1,1
DA:2,1
DA:3,1
DA:4,1
DA:5,1
DA:6,1
DA:8,1
DA:9,1
DA:10,1
DA:11,1
DA:12,1
DA:13,1
DA:15,1
DA:16,0
DA:17,0
DA:18,0
DA:23,1
LF:17
LH:14
BRF:0
BRH:0
end_of_record
